# JRE version: Java(TM) SE Runtime Environment (8.0_92-b14) (build 1.8.0_92-b14)
# Java VM: Java HotSpot(TM) Client VM (25.92-b14 mixed mode windows-x86 )
Heap:
 def new generation   total 39424K, used 12192K [0x05800000, 0x082c0000, 0x102a0000)
  eden space 35072K,  34% used [0x05800000, 0x063c64a8, 0x07a40000)
  from space 4352K,   3% used [0x07e80000, 0x07ea1d50, 0x082c0000)
  to   space 4352K,   0% used [0x07a40000, 0x07a40000, 0x07e80000)
 tenured generation   total 87424K, used 45531K [0x102a0000, 0x15800000, 0x25800000)
   the space 87424K,  52% used [0x102a0000, 0x12f16ec0, 0x12f17000, 0x15800000)
 Metaspace       used 18894K, capacity 19378K, committed 19456K, reserved 19840K
GC Heap History (10 events):
Event: 819.462 GC heap before
{Heap before GC invocations=29 (full 1):
 def new generation   total 39424K, used 38720K [0x05800000, 0x082c0000, 0x102a0000)
  eden space 35072K, 100% used [0x05800000, 0x07a40000, 0x07a40000)
  from space 4352K,  83% used [0x07a40000, 0x07dd0330, 0x07e80000)
  to   space 4352K,   0% used [0x07e80000, 0x07e80000, 0x082c0000)
 tenured generation   total 87424K, used 35398K [0x102a0000, 0x15800000, 0x25800000)
   the space 87424K,  40% used [0x102a0000, 0x12531b40, 0x12531c00, 0x15800000)
 Metaspace       used 18883K, capacity 19375K, committed 19456K, reserved 19840K
Event: 819.467 GC heap after
Heap after GC invocations=30 (full 1):
 def new generation   total 39424K, used 4352K [0x05800000, 0x082c0000, 0x102a0000)
  eden space 35072K,   0% used [0x05800000, 0x05800000, 0x07a40000)
  from space 4352K, 100% used [0x07e80000, 0x082c0000, 0x082c0000)
  to   space 4352K,   0% used [0x07a40000, 0x07a40000, 0x07e80000)
 tenured generation   total 87424K, used 38624K [0x102a0000, 0x15800000, 0x25800000)
   the space 87424K,  44% used [0x102a0000, 0x128581c0, 0x12858200, 0x15800000)
 Metaspace       used 18883K, capacity 19375K, committed 19456K, reserved 19840K
}
Event: 1162.864 GC heap before
{Heap before GC invocations=30 (full 1):
 def new generation   total 39424K, used 39424K [0x05800000, 0x082c0000, 0x102a0000)
  eden space 35072K, 100% used [0x05800000, 0x07a40000, 0x07a40000)
  from space 4352K, 100% used [0x07e80000, 0x082c0000, 0x082c0000)
  to   space 4352K,   0% used [0x07a40000, 0x07a40000, 0x07e80000)
 tenured generation   total 87424K, used 38624K [0x102a0000, 0x15800000, 0x25800000)
   the space 87424K,  44% used [0x102a0000, 0x128581c0, 0x12858200, 0x15800000)
 Metaspace       used 18883K, capacity 19375K, committed 19456K, reserved 19840K
Event: 1162.869 GC heap after
Heap after GC invocations=31 (full 1):
 def new generation   total 39424K, used 1297K [0x05800000, 0x082c0000, 0x102a0000)
  eden space 35072K,   0% used [0x05800000, 0x05800000, 0x07a40000)
  from space 4352K,  29% used [0x07a40000, 0x07b84440, 0x07e80000)
  to   space 4352K,   0% used [0x07e80000, 0x07e80000, 0x082c0000)
 tenured generation   total 87424K, used 42964K [0x102a0000, 0x15800000, 0x25800000)
   the space 87424K,  49% used [0x102a0000, 0x12c953f8, 0x12c95400, 0x15800000)
 Metaspace       used 18883K, capacity 19375K, committed 19456K, reserved 19840K
}
Event: 1378.924 GC heap before
{Heap before GC invocations=31 (full 1):
 def new generation   total 39424K, used 36369K [0x05800000, 0x082c0000, 0x102a0000)
  eden space 35072K, 100% used [0x05800000, 0x07a40000, 0x07a40000)
  from space 4352K,  29% used [0x07a40000, 0x07b84440, 0x07e80000)
  to   space 4352K,   0% used [0x07e80000, 0x07e80000, 0x082c0000)
 tenured generation   total 87424K, used 42964K [0x102a0000, 0x15800000, 0x25800000)
   the space 87424K,  49% used [0x102a0000, 0x12c953f8, 0x12c95400, 0x15800000)
 Metaspace       used 18884K, capacity 19375K, committed 19456K, reserved 19840K
Event: 1378.928 GC heap after
Heap after GC invocations=32 (full 1):
 def new generation   total 39424K, used 3055K [0x05800000, 0x082c0000, 0x102a0000)
  eden space 35072K,   0% used [0x05800000, 0x05800000, 0x07a40000)
  from space 4352K,  70% used [0x07e80000, 0x0817bce8, 0x082c0000)
  to   space 4352K,   0% used [0x07a40000, 0x07a40000, 0x07e80000)
 tenured generation   total 87424K, used 42964K [0x102a0000, 0x15800000, 0x25800000)
   the space 87424K,  49% used [0x102a0000, 0x12c953f8, 0x12c95400, 0x15800000)
 Metaspace       used 18884K, capacity 19375K, committed 19456K, reserved 19840K
}
Event: 1558.877 GC heap before
{Heap before GC invocations=32 (full 1):
 def new generation   total 39424K, used 38127K [0x05800000, 0x082c0000, 0x102a0000)
  eden space 35072K, 100% used [0x05800000, 0x07a40000, 0x07a40000)
  from space 4352K,  70% used [0x07e80000, 0x0817bce8, 0x082c0000)
  to   space 4352K,   0% used [0x07a40000, 0x07a40000, 0x07e80000)
 tenured generation   total 87424K, used 42964K [0x102a0000, 0x15800000, 0x25800000)
   the space 87424K,  49% used [0x102a0000, 0x12c953f8, 0x12c95400, 0x15800000)
 Metaspace       used 18894K, capacity 19378K, committed 19456K, reserved 19840K
Event: 1558.881 GC heap after
Heap after GC invocations=33 (full 1):
 def new generation   total 39424K, used 521K [0x05800000, 0x082c0000, 0x102a0000)
  eden space 35072K,   0% used [0x05800000, 0x05800000, 0x07a40000)
  from space 4352K,  11% used [0x07a40000, 0x07ac2710, 0x07e80000)
  to   space 4352K,   0% used [0x07e80000, 0x07e80000, 0x082c0000)
 tenured generation   total 87424K, used 45531K [0x102a0000, 0x15800000, 0x25800000)
   the space 87424K,  52% used [0x102a0000, 0x12f16ec0, 0x12f17000, 0x15800000)
 Metaspace       used 18894K, capacity 19378K, committed 19456K, reserved 19840K
}
Event: 1913.703 GC heap before
{Heap before GC invocations=33 (full 1):
 def new generation   total 39424K, used 35593K [0x05800000, 0x082c0000, 0x102a0000)
  eden space 35072K, 100% used [0x05800000, 0x07a40000, 0x07a40000)
  from space 4352K,  11% used [0x07a40000, 0x07ac2710, 0x07e80000)
  to   space 4352K,   0% used [0x07e80000, 0x07e80000, 0x082c0000)
 tenured generation   total 87424K, used 45531K [0x102a0000, 0x15800000, 0x25800000)
   the space 87424K,  52% used [0x102a0000, 0x12f16ec0, 0x12f17000, 0x15800000)
 Metaspace       used 18894K, capacity 19378K, committed 19456K, reserved 19840K
Event: 1913.706 GC heap after
Heap after GC invocations=34 (full 1):
 def new generation   total 39424K, used 135K [0x05800000, 0x082c0000, 0x102a0000)
  eden space 35072K,   0% used [0x05800000, 0x05800000, 0x07a40000)
  from space 4352K,   3% used [0x07e80000, 0x07ea1d50, 0x082c0000)
  to   space 4352K,   0% used [0x07a40000, 0x07a40000, 0x07e80000)
 tenured generation   total 87424K, used 45531K [0x102a0000, 0x15800000, 0x25800000)
   the space 87424K,  52% used [0x102a0000, 0x12f16ec0, 0x12f17000, 0x15800000)
 Metaspace       used 18894K, capacity 19378K, committed 19456K, reserved 19840K
}

